<?xml version="1.0" encoding="UTF-8"?>
<testng-results skipped="0" failed="0" ignored="0" total="1" passed="1">
  <reporter-output>
  </reporter-output>
  <suite name="Default suite" duration-ms="23" started-at="2022-11-05T05:09:59Z" finished-at="2022-11-05T05:09:59Z">
    <groups>
    </groups>
    <test name="Default test" duration-ms="23" started-at="2022-11-05T05:09:59Z" finished-at="2022-11-05T05:09:59Z">
      <class name="org.sample.Welcome">
        <test-method status="PASS" signature="beforeclass()[pri:0, instance:org.sample.Welcome@3c0ecd4b]" name="beforeclass" is-config="true" duration-ms="6" started-at="2022-11-05T05:09:59Z" finished-at="2022-11-05T05:09:59Z">
          <reporter-output>
          </reporter-output>
        </test-method> <!-- beforeclass -->
        <test-method status="PASS" signature="bmethod()[pri:0, instance:org.sample.Welcome@3c0ecd4b]" name="bmethod" is-config="true" duration-ms="0" started-at="2022-11-05T05:09:59Z" finished-at="2022-11-05T05:09:59Z">
          <reporter-output>
          </reporter-output>
        </test-method> <!-- bmethod -->
        <test-method status="PASS" signature="test1()[pri:0, instance:org.sample.Welcome@3c0ecd4b]" name="test1" duration-ms="4" started-at="2022-11-05T05:09:59Z" finished-at="2022-11-05T05:09:59Z">
          <reporter-output>
          </reporter-output>
        </test-method> <!-- test1 -->
        <test-method status="PASS" signature="amethod()[pri:0, instance:org.sample.Welcome@3c0ecd4b]" name="amethod" is-config="true" duration-ms="0" started-at="2022-11-05T05:09:59Z" finished-at="2022-11-05T05:09:59Z">
          <reporter-output>
          </reporter-output>
        </test-method> <!-- amethod -->
        <test-method status="PASS" signature="afterclass()[pri:0, instance:org.sample.Welcome@3c0ecd4b]" name="afterclass" is-config="true" duration-ms="0" started-at="2022-11-05T05:09:59Z" finished-at="2022-11-05T05:09:59Z">
          <reporter-output>
          </reporter-output>
        </test-method> <!-- afterclass -->
      </class> <!-- org.sample.Welcome -->
    </test> <!-- Default test -->
  </suite> <!-- Default suite -->
</testng-results>
